<?xml version="1.0" encoding="UTF-8"?>
<testng-results skipped="0" failed="0" ignored="0" total="1" passed="1">
  <reporter-output>
  </reporter-output>
  <suite name="Suite" duration-ms="10996" started-at="2020-09-28T20:10:09 BRT" finished-at="2020-09-28T20:10:20 BRT">
    <groups>
    </groups>
    <test name="Test" duration-ms="10996" started-at="2020-09-28T20:10:09 BRT" finished-at="2020-09-28T20:10:20 BRT">
      <class name="tests.ChoosePhone">
        <test-method status="PASS" signature="BeforeTest()[pri:0, instance:tests.ChoosePhone@23faf8f2]" name="BeforeTest" is-config="true" duration-ms="7112" started-at="2020-09-28T20:10:09 BRT" finished-at="2020-09-28T20:10:16 BRT">
          <reporter-output>
          </reporter-output>
        </test-method> <!-- BeforeTest -->
        <test-method status="PASS" signature="GetFirstPhone()[pri:0, instance:tests.ChoosePhone@23faf8f2]" name="GetFirstPhone" duration-ms="3224" started-at="2020-09-28T20:10:16 BRT" finished-at="2020-09-28T20:10:19 BRT">
          <reporter-output>
          </reporter-output>
        </test-method> <!-- GetFirstPhone -->
        <test-method status="PASS" signature="quit()[pri:0, instance:tests.ChoosePhone@23faf8f2]" name="quit" is-config="true" duration-ms="626" started-at="2020-09-28T20:10:19 BRT" finished-at="2020-09-28T20:10:20 BRT">
          <reporter-output>
          </reporter-output>
        </test-method> <!-- quit -->
      </class> <!-- tests.ChoosePhone -->
    </test> <!-- Test -->
  </suite> <!-- Suite -->
</testng-results>
